app/build/intermediates/manifest_merge_blame_file/debug/manifest-merger-blame-debug-report.txt
1<?xml version="1.0" encoding="utf-8"?>
2<manifest xmlns:android="http://schemas.android.com/apk/res/android"
3    package="com.example.mappapp"
4    android:versionCode="1"
5    android:versionName="1.0" >
6
7    <uses-sdk
8        android:minSdkVersion="16"
8-->src\main\AndroidManifest.xml
9        android:targetSdkVersion="29" />
9-->src\main\AndroidManifest.xml
10
11    <!--
12         The ACCESS_COARSE/FINE_LOCATION permissions are not required to use
13         Google Maps Android API v2, but you must specify either coarse or fine
14         location permissions for the "MyLocation" functionality.
15    -->
16    <uses-permission android:name="android.permission.ACCESS_FINE_LOCATION" />
16-->src\main\AndroidManifest.xml:10:5-79
16-->src\main\AndroidManifest.xml:10:22-76
17    <uses-permission android:name="android.permission.ACCESS_COARSE_LOCATION" />
17-->src\main\AndroidManifest.xml:11:5-81
17-->src\main\AndroidManifest.xml:11:22-78
18    <uses-permission android:name="app.permission.MAPS_RECEIVE" />
18-->src\main\AndroidManifest.xml:12:5-67
18-->src\main\AndroidManifest.xml:12:22-64
19    <uses-permission android:name="Android.permission.INTERNET" />
19-->src\main\AndroidManifest.xml:13:5-67
19-->src\main\AndroidManifest.xml:13:22-64
20
21    <!-- Include required permissions for Google Maps API to run. -->
22    <uses-permission android:name="android.permission.ACCESS_NETWORK_STATE" />
22-->[com.google.android.gms:play-services-maps:17.0.1] AndroidManifest.xml:23:5-79
22-->[com.google.android.gms:play-services-maps:17.0.1] AndroidManifest.xml:23:22-76
23    <uses-permission android:name="android.permission.INTERNET" />
23-->[com.google.android.gms:play-services-maps:17.0.1] AndroidManifest.xml:24:5-67
23-->[com.google.android.gms:play-services-maps:17.0.1] AndroidManifest.xml:24:22-64
24
25    <uses-feature
25-->[com.google.android.gms:play-services-maps:17.0.1] AndroidManifest.xml:26:5-28:35
26        android:glEsVersion="0x00020000"
26-->[com.google.android.gms:play-services-maps:17.0.1] AndroidManifest.xml:27:9-41
27        android:required="true" />
27-->[com.google.android.gms:play-services-maps:17.0.1] AndroidManifest.xml:28:9-32
28
29    <queries>
29-->[com.google.android.gms:play-services-maps:17.0.1] AndroidManifest.xml:30:5-34:15
30
31        <!-- Needs to be explicitly declared on Android R+ -->
32        <package android:name="com.google.android.apps.maps" />
32-->[com.google.android.gms:play-services-maps:17.0.1] AndroidManifest.xml:33:9-64
32-->[com.google.android.gms:play-services-maps:17.0.1] AndroidManifest.xml:33:18-61
33    </queries>
34
35    <application
35-->src\main\AndroidManifest.xml:15:5-52:19
36        android:name="com.example.mappapp.MyApplication"
36-->src\main\AndroidManifest.xml:16:9-38
37        android:allowBackup="true"
37-->src\main\AndroidManifest.xml:17:9-35
38        android:appComponentFactory="androidx.core.app.CoreComponentFactory"
38-->[androidx.core:core:1.5.0] AndroidManifest.xml:24:18-86
39        android:debuggable="true"
40        android:icon="@mipmap/ic_launcher"
40-->src\main\AndroidManifest.xml:18:9-43
41        android:label="@string/app_name"
41-->src\main\AndroidManifest.xml:19:9-41
42        android:roundIcon="@mipmap/ic_launcher_round"
42-->src\main\AndroidManifest.xml:20:9-54
43        android:supportsRtl="true"
43-->src\main\AndroidManifest.xml:21:9-35
44        android:testOnly="true"
45        android:theme="@style/AppTheme" >
45-->src\main\AndroidManifest.xml:22:9-40
46
47        <!--
48             The API key for Google Maps-based APIs is defined as a string resource.
49             (See the file "res/values/google_maps_api.xml").
50             Note that the API key is linked to the encryption key used to sign the APK.
51             You need a different API key for each encryption key, including the release key that is used to
52             sign the APK for publishing.
53             You can define the keys for the debug and release targets in src/debug/ and src/release/.
54        -->
55        <meta-data
55-->src\main\AndroidManifest.xml:32:9-34:55
56            android:name="com.google.android.geo.API_KEY"
56-->src\main\AndroidManifest.xml:33:13-58
57            android:value="@string/google_maps_key" />
57-->src\main\AndroidManifest.xml:34:13-52
58        <meta-data
58-->src\main\AndroidManifest.xml:37:9-39:69
59            android:name="com.google.android.gms.version"
59-->src\main\AndroidManifest.xml:38:13-58
60            android:value="@integer/google_play_services_version" />
60-->src\main\AndroidManifest.xml:39:13-66
61
62        <activity
62-->src\main\AndroidManifest.xml:41:9-43:68
63            android:name="com.example.mappapp.MapsActivity"
63-->src\main\AndroidManifest.xml:42:13-41
64            android:label="@string/title_activity_maps" />
64-->src\main\AndroidManifest.xml:43:13-56
65        <activity android:name="com.example.mappapp.ShowSavedLocationList" />
65-->src\main\AndroidManifest.xml:44:9-59
65-->src\main\AndroidManifest.xml:44:19-56
66        <activity android:name="com.example.mappapp.MainActivity" >
66-->src\main\AndroidManifest.xml:45:9-51:20
66-->src\main\AndroidManifest.xml:45:19-47
67            <intent-filter>
67-->src\main\AndroidManifest.xml:46:13-50:29
68                <action android:name="android.intent.action.MAIN" />
68-->src\main\AndroidManifest.xml:47:17-69
68-->src\main\AndroidManifest.xml:47:25-66
69
70                <category android:name="android.intent.category.LAUNCHER" />
70-->src\main\AndroidManifest.xml:49:17-77
70-->src\main\AndroidManifest.xml:49:27-74
71            </intent-filter>
72        </activity>
73        <!-- Needs to be explicitly declared on P+ -->
74        <uses-library
74-->[com.google.android.gms:play-services-maps:17.0.1] AndroidManifest.xml:39:9-41:40
75            android:name="org.apache.http.legacy"
75-->[com.google.android.gms:play-services-maps:17.0.1] AndroidManifest.xml:40:13-50
76            android:required="false" />
76-->[com.google.android.gms:play-services-maps:17.0.1] AndroidManifest.xml:41:13-37
77
78        <activity
78-->[com.google.android.gms:play-services-base:17.5.0] AndroidManifest.xml:23:9-26:75
79            android:name="com.google.android.gms.common.api.GoogleApiActivity"
79-->[com.google.android.gms:play-services-base:17.5.0] AndroidManifest.xml:24:13-79
80            android:exported="false"
80-->[com.google.android.gms:play-services-base:17.5.0] AndroidManifest.xml:25:13-37
81            android:theme="@android:style/Theme.Translucent.NoTitleBar" />
81-->[com.google.android.gms:play-services-base:17.5.0] AndroidManifest.xml:26:13-72
82    </application>
83
84</manifest>